#tsv M1 1-12  M2  M3
#M1
C tsv24.qui 1.0 -2.5 -2.5 0 +
C 24flat1.qui 1.0 2.5 -10 0 + 
C 24flat1.qui 1.0  -10 -10 0 +  
C 24flat2.qui 1.0 -2.5 -10 0 + 
C 24flat2.qui 1.0 -2.5 2.5 0
C e1.qui 1.0 3.78 -0.5 0.56
C e1.qui 1.0 3.64 -0.5 0.56
C e1.qui 1.0 3.5 -0.5 0.56
C f1.qui 1.0 3.36 3.5 0.56
C f1.qui 1.0 0.105 3.5 0.56
C f1.qui 1.0 -0.035 3.5 0.56
C f1.qui 1.0 -0.175 3.5 0.56
C f1.qui 1.0 -3.395 3.5 0.56
C f1.qui 1.0 -3.535 3.5 0.56
C f1.qui 1.0 -3.675 3.5 0.56
#M2
C d1.qui 1.0 -3.6 3.64 0.84
C a1.qui 1.0 -4.3 3.5 0.84
C b1.qui 1.0 -4.2 3.36 0.84
C c1.qui 1.0 3.5 3.36 0.84
C c1.qui 1.0 3.5 3.22 0.84
C c1.qui 1.0 3.5 2.66 0.84
C c1.qui 1.0 3.5 2.52 0.84
C c1.qui 1.0 3.5 2.38 0.84
C c1.qui 1.0 3.5 0.105 0.84
C c1.qui 1.0 3.5 -0.035 0.84
C c1.qui 1.0 3.5 -0.175 0.84
#M3
C e1.qui 1.0 3.78 -0.5 1.12
C e1.qui 1.0 3.64 -0.5 1.12
C e1.qui 1.0 3.5 -0.5 1.12
C f1.qui 1.0 3.36 3.5 1.12
C f1.qui 1.0 0.105 3.5 1.12
C f1.qui 1.0 -0.035 3.5 1.12
C f1.qui 1.0 -0.175 3.5 1.12
C f1.qui 1.0 -3.395 3.5 1.12
C f1.qui 1.0 -3.535 3.5 1.12
C f1.qui 1.0 -3.675 3.5 1.12
