#poly
C new_via_first_t16.qui 1.0 0 0 0
C new_via_first_t16.qui 1.0 -10 10 0 
C new_via_first_t16.qui 1.0 0 10 0
C new_via_first_t16.qui 1.0 10 10 0
C new_via_first_t16.qui 1.0 -10 0 0 
C new_via_first_t16.qui 1.0 10 0 0 
C new_via_first_t16.qui 1.0 -10 -10 0
C new_via_first_t16.qui 1.0 0 -10 0
C new_via_first_t16.qui 1.0 10 -10 0
#
C new_via_first_c.qui 1.0 -6.25 -6.05 50.3
C new_via_first_c.qui 1.0 -6.25 -5.65 50.3
C new_via_first_c.qui 1.0 -6.25 -5.25 50.3
C new_via_first_c.qui 1.0 -6.25 -4.85 50.3
C new_via_first_c.qui 1.0 -6.25 -4.45 50.3
C new_via_first_c.qui 1.0 -6.25 -4.05 50.3
C new_via_first_c.qui 1.0 -6.25 -3.65 50.3
C new_via_first_c.qui 1.0 -6.25 -3.25 50.3
C new_via_first_c.qui 1.0 -6.25 -2.85 50.3
C new_via_first_c.qui 1.0 -6.25 -2.45 50.3
C new_via_first_c.qui 1.0 -6.25 -2.05 50.3
C new_via_first_c.qui 1.0 -6.25 -1.65 50.3
C new_via_first_c.qui 1.0 -6.25 -1.25 50.3
C new_via_first_c.qui 1.0 -6.25 -0.85 50.3
C new_via_first_c.qui 1.0 -6.25 -0.45 50.3
C new_via_first_c.qui 1.0 -6.25 -0.05 50.3
C new_via_first_c.qui 1.0 -6.25 0.35 50.3
C new_via_first_c.qui 1.0 -6.25 0.75 50.3
C new_via_first_c.qui 1.0 -6.25 1.25 50.3
C new_via_first_c.qui 1.0 -6.25 1.55 50.3
C new_via_first_c.qui 1.0 -6.25 1.95 50.3
C new_via_first_c.qui 1.0 -6.25 2.35 50.3
C new_via_first_c.qui 1.0 -6.25 2.75 50.3
C new_via_first_c.qui 1.0 -6.25 3.15 50.3
C new_via_first_c.qui 1.0 -6.25 3.55 50.3
C new_via_first_c.qui 1.0 -6.25 3.95 50.3
C new_via_first_c.qui 1.0 -6.25 4.35 50.3
C new_via_first_c.qui 1.0 -6.25 4.75 50.3
C new_via_first_c.qui 1.0 -6.25 5.15 50.3
C new_via_first_c.qui 1.0 -6.25 5.55 50.3
C new_via_first_c.qui 1.0 -6.25 5.95 50.3
C new_via_first_c.qui 1.0 -6.25 6.35 50.3
C new_via_first_c.qui 1.0 -6.25 6.75 50.3
C new_via_first_c.qui 1.0 -6.25 7.15 50.3
C new_via_first_c.qui 1.0 -6.25 7.55 50.3
C new_via_first_c.qui 1.0 -6.25 7.95 50.3
C new_via_first_c.qui 1.0 -6.25 8.35 50.3
#
C new_via_first_c.qui 1.0 -6.25 -6.05 -0.66
C new_via_first_c.qui 1.0 -6.25 -5.65 -0.66
C new_via_first_c.qui 1.0 -6.25 -5.25 -0.66
C new_via_first_c.qui 1.0 -6.25 -4.85 -0.66
C new_via_first_c.qui 1.0 -6.25 -4.45 -0.66
C new_via_first_c.qui 1.0 -6.25 -4.05 -0.66
C new_via_first_c.qui 1.0 -6.25 -3.65 -0.66
C new_via_first_c.qui 1.0 -6.25 -3.25 -0.66
C new_via_first_c.qui 1.0 -6.25 -2.85 -0.66
C new_via_first_c.qui 1.0 -6.25 -2.45 -0.66
C new_via_first_c.qui 1.0 -6.25 -2.05 -0.66
C new_via_first_c.qui 1.0 -6.25 -1.65 -0.66
C new_via_first_c.qui 1.0 -6.25 -1.25 -0.66
C new_via_first_c.qui 1.0 -6.25 -0.85 -0.66
C new_via_first_c.qui 1.0 -6.25 -0.45 -0.66
C new_via_first_c.qui 1.0 -6.25 -0.05 -0.66
C new_via_first_c.qui 1.0 -6.25 0.35 -0.66
C new_via_first_c.qui 1.0 -6.25 0.75 -0.66
C new_via_first_c.qui 1.0 -6.25 1.25 -0.66
C new_via_first_c.qui 1.0 -6.25 1.55 -0.66
C new_via_first_c.qui 1.0 -6.25 1.95 -0.66
C new_via_first_c.qui 1.0 -6.25 2.35 -0.66
C new_via_first_c.qui 1.0 -6.25 2.75 -0.66
C new_via_first_c.qui 1.0 -6.25 3.15 -0.66
C new_via_first_c.qui 1.0 -6.25 3.55 -0.66
C new_via_first_c.qui 1.0 -6.25 3.95 -0.66
C new_via_first_c.qui 1.0 -6.25 4.35 -0.66
C new_via_first_c.qui 1.0 -6.25 4.75 -0.66
C new_via_first_c.qui 1.0 -6.25 5.15 -0.66
C new_via_first_c.qui 1.0 -6.25 5.55 -0.66
C new_via_first_c.qui 1.0 -6.25 5.95 -0.66
C new_via_first_c.qui 1.0 -6.25 6.35 -0.66
C new_via_first_c.qui 1.0 -6.25 6.75 -0.66
C new_via_first_c.qui 1.0 -6.25 7.15 -0.66
C new_via_first_c.qui 1.0 -6.25 7.55 -0.66
C new_via_first_c.qui 1.0 -6.25 7.95 -0.66
C new_via_first_c.qui 1.0 -6.25 8.35 -0.66
#m3
#c20
C c20.qui 1.0 -4.5 -5 49.54
C c20.qui 1.0 -4.5 -4.6 49.54
C c20.qui 1.0 -4.5 -4.2 49.54
C c20.qui 1.0 -4.5 -3.8 49.54
C c20.qui 1.0 -4.5 -3.4 49.54
C c20.qui 1.0 -4.5 -3 49.54
C c20.qui 1.0 -4.5 -2.6 49.54
C c20.qui 1.0 -4.5 -2.2 49.54
C c20.qui 1.0 -4.5 -1.8 49.54
C c20.qui 1.0 -4.5 -1.4 49.54
C c20.qui 1.0 -4.5 -1 49.54
C c20.qui 1.0 -4.5 -0.6 49.54
C c20.qui 1.0 -4.5 -0.2 49.54
C c20.qui 1.0 5.5 -5 49.54
C c20.qui 1.0 5.5 -4.6 49.54
C c20.qui 1.0 5.5 -4.2 49.54
C c20.qui 1.0 5.5 -3.8 49.54
C c20.qui 1.0 5.5 -3.4 49.54
C c20.qui 1.0 5.5 -3 49.54
C c20.qui 1.0 5.5 -2.6 49.54
C c20.qui 1.0 5.5 -2.2 49.54
C c20.qui 1.0 5.5 -1.8 49.54
C c20.qui 1.0 5.5 -1.4 49.54
C c20.qui 1.0 5.5 -1 49.54
C c20.qui 1.0 5.5 -0.6 49.54
C c20.qui 1.0 5.5 -0.2 49.54
#m2
C c11.qui 1.0 -4.3 -6 48.82
C c11.qui 1.0 -3.9 -6 48.82
C c11.qui 1.0 -3.5 -6 48.82
C c11.qui 1.0 -3.1 -6 48.82
C c11.qui 1.0 -2.7 -6 48.82
C c11.qui 1.0 -2.3 -6 48.82
C c11.qui 1.0 -1.9 -6 48.82
C c11.qui 1.0 -1.5 -6 48.82
C c11.qui 1.0 -1.1 -6 48.82
C c11.qui 1.0 -0.7 -6 48.82
C c11.qui 1.0 5.5 -6 48.82
C c11.qui 1.0 5.9 -6 48.82
C c11.qui 1.0 6.3 -6 48.82
C c11.qui 1.0 6.7 -6 48.82
C c11.qui 1.0 7.1 -6 48.82
C c11.qui 1.0 7.5 -6 48.82
C c11.qui 1.0 7.9 -6 48.82
C c11.qui 1.0 8.3 -6 48.82
C c11.qui 1.0 8.7 -6 48.82
C c11.qui 1.0 9.1 -6 48.82
