* bus ladder
C ladder_wire3.0.qui 2.55 1000.0 -100.00 200.0
C ladder_wire3.0.qui 2.55 1000.0 100 200.0
C ladder_wire3.0y.qui 2.55 1479.5 -479.5 0.0
C ladder_wire3.0y.qui 2.55 1479.5 -479.5 400.0
D flat1.qui 5.3 2.55 1000.0 -41.00 290.0 1000 -100 300 
D flat3.qui 5.3 2.55 -991.0 -2470.5 290.0 1000 -100 300
D flat3.qui 5.3 2.55 2018.0 -2470.5 290.0 1000 -100 300
D flat2.qui 5.3 2.55 1000.0 -2470.5 290.0 1000 -100 300
D flat2.qui 5.3 2.55 1000.0 159.0 290.0 1000 -100 300
* 5000 x 5000
D flat4.qui 4.2 5.3 -991.0 -2470.5 315.0 1000 -100 320
D flat4.qui 2.55 4.2 -991.0 -2470.5 330.0 1000 -100 335
*flat connecting with the top surface of the top ladder_wire
D flat6.qui 5.3 2.55 -991 -2470.5 490.0 1000 -100 500
D flat6.qui 5.3 2.55 1538.5 -2470.5 490.0 1000 -100 500
D flat5.qui 5.3 2.55 1479.5 -2470.5 490.0 1000 -100 500
D flat5.qui 5.3 2.55 1479.5 538.5 490.0 1000 -100 500
*top flat  the top jiezhi is 2.55
D flat4.qui 4.2 5.3 -991.0 -2470.5 515.0 1000 -100 520
D flat4.qui 2.55 4.2 -991.0 -2470.5 530.0 1000 -100 535
*the bottom ladder_wire
D flat6.qui 5.3 2.55 -991 -2470.5 90.0 1000 -100 100
D flat6.qui 5.3 2.55 1538.5 -2470.5 90.0 1000 -100 100
D flat5.qui 5.3 2.55 1479.5 -2470.5 90.0 1000.0 -100.0 100.0
D flat5.qui 5.3 2.55 1479.5 538.5 90.0 1000 -100 100
*two flats above the bottom ladder_wire
D flat4.qui 4.2 5.3 -991.0 -2470.5 115.0 1000 -100 120
D flat4.qui 2.55 4.2 -991.0 -2470.5 130.0 1000 -100 135